#
# There is insufficient memory for the Java Runtime Environment to continue.
# Native memory allocation (malloc) failed to allocate 1048576 bytes for AllocateHeap
# Possible reasons:
#   The system is out of physical RAM or swap space
#   In 32 bit mode, the process size limit was hit
# Possible solutions:
#   Reduce memory load on the system
#   Increase physical memory or swap space
#   Check if swap backing store is full
#   Use 64 bit Java on a 64 bit OS
#   Decrease Java heap size (-Xmx/-Xms)
#   Decrease number of Java threads
#   Decrease Java thread stack sizes (-Xss)
#   Set larger code cache with -XX:ReservedCodeCacheSize=
# This output file may be truncated or incomplete.
#
#  Out of Memory Error (memory/allocation.inline.hpp:61), pid=9292, tid=592
#
# JRE version:  (8.0_77-b03) (build )
# Java VM: Java HotSpot(TM) 64-Bit Server VM (25.77-b03 mixed mode windows-amd64 compressed oops)
# Failed to write core dump. Minidumps are not enabled by default on client versions of Windows
#

---------------  T H R E A D  ---------------

Current thread (0x00000000027b4800):  JavaThread "Unknown thread" [_thread_in_vm, id=592, stack(0x0000000002660000,0x0000000002760000)]

Stack: [0x0000000002660000,0x0000000002760000]
[error occurred during error reporting (printing stack bounds), id 0xc0000005]

Native frames: (J=compiled Java code, j=interpreted, Vv=VM code, C=native code)


---------------  P R O C E S S  ---------------

Java Threads: ( => current thread )

Other Threads:

=>0x00000000027b4800 (exited) JavaThread "Unknown thread" [_thread_in_vm, id=592, stack(0x0000000002660000,0x0000000002760000)]

VM state:not at safepoint (normal execution)

VM Mutex/Monitor currently owned by a thread: None

Heap:
 PSYoungGen      total 18944K, used 327K [0x00000000eb180000, 0x00000000ec680000, 0x0000000100000000)
  eden space 16384K, 2% used [0x00000000eb180000,0x00000000eb1d1ec8,0x00000000ec180000)
  from space 2560K, 0% used [0x00000000ec400000,0x00000000ec400000,0x00000000ec680000)
  to   space 2560K, 0% used [0x00000000ec180000,0x00000000ec180000,0x00000000ec400000)
 ParOldGen       total 44032K, used 0K [0x00000000c1400000, 0x00000000c3f00000, 0x00000000eb180000)
  object space 44032K, 0% used [0x00000000c1400000,0x00000000c1400000,0x00000000c3f00000)
 Metaspace       used 746K, capacity 4480K, committed 4480K, reserved 1056768K
  class space    used 75K, capacity 384K, committed 384K, reserved 1048576K

Card table byte_map: [0x0000000011d60000,0x0000000011f60000] byte_map_base: 0x0000000011756000

Marking Bits: (ParMarkBitMap*) 0x000000006cfc0600
 Begin Bits: [0x00000000124b0000, 0x0000000013460000)
 End Bits:   [0x0000000013460000, 0x0000000014410000)

Polling page: 0x00000000007f0000

CodeCache: size=245760Kb used=328Kb max_used=328Kb free=245431Kb
 bounds [0x00000000029a0000, 0x0000000002c10000, 0x00000000119a0000]
 total_blobs=58 nmethods=0 adapters=38
 compilation: enabled

Compilation events (0 events):
No events

GC Heap History (0 events):
No events

Deoptimization events (0 events):
No events

Internal exceptions (0 events):
No events

Events (10 events):
Event: 0.054 loading class java/lang/Short
Event: 0.054 loading class java/lang/Short done
Event: 0.054 loading class java/lang/Integer
Event: 0.054 loading class java/lang/Integer done
Event: 0.054 loading class java/lang/Long
Event: 0.055 loading class java/lang/Long done
Event: 0.056 loading class java/lang/NullPointerException
Event: 0.056 loading class java/lang/NullPointerException done
Event: 0.056 loading class java/lang/ArithmeticException
Event: 0.056 loading class java/lang/ArithmeticException done


Dynamic libraries:
0x00007ff78dae0000 - 0x00007ff78db17000 	C:\Program Files\Java\jre1.8.0_77\bin\javaw.exe
0x00007ffc40aa0000 - 0x00007ffc40c90000 	C:\Windows\SYSTEM32\ntdll.dll
0x00007ffc3eea0000 - 0x00007ffc3ef52000 	C:\Windows\System32\KERNEL32.DLL
0x00007ffc3dc30000 - 0x00007ffc3ded5000 	C:\Windows\System32\KERNELBASE.dll
0x00007ffc407d0000 - 0x00007ffc40873000 	C:\Windows\System32\ADVAPI32.dll
0x00007ffc40280000 - 0x00007ffc4031e000 	C:\Windows\System32\msvcrt.dll
0x00007ffc3f000000 - 0x00007ffc3f097000 	C:\Windows\System32\sechost.dll
0x00007ffc40520000 - 0x00007ffc40640000 	C:\Windows\System32\RPCRT4.dll
0x00007ffc3fbe0000 - 0x00007ffc3fd74000 	C:\Windows\System32\USER32.dll
0x00007ffc3dee0000 - 0x00007ffc3df01000 	C:\Windows\System32\win32u.dll
0x00007ffc3efd0000 - 0x00007ffc3eff6000 	C:\Windows\System32\GDI32.dll
0x00007ffc3e150000 - 0x00007ffc3e2e6000 	C:\Windows\System32\gdi32full.dll
0x00007ffc3e2f0000 - 0x00007ffc3e38e000 	C:\Windows\System32\msvcp_win.dll
0x00007ffc3db30000 - 0x00007ffc3dc2a000 	C:\Windows\System32\ucrtbase.dll
0x00007ffc20ed0000 - 0x00007ffc21154000 	C:\Windows\WinSxS\amd64_microsoft.windows.common-controls_6595b64144ccf1df_6.0.18362.1256_none_9e7e379be45e40e2\COMCTL32.dll
0x00007ffc3eb60000 - 0x00007ffc3ee96000 	C:\Windows\System32\combase.dll
0x00007ffc3e0c0000 - 0x00007ffc3e141000 	C:\Windows\System32\bcryptPrimitives.dll
0x00007ffc40950000 - 0x00007ffc4097e000 	C:\Windows\System32\IMM32.DLL
0x000000006c4c0000 - 0x000000006c592000 	C:\Program Files\Java\jre1.8.0_77\bin\msvcr100.dll
0x000000006c7b0000 - 0x000000006d040000 	C:\Program Files\Java\jre1.8.0_77\bin\server\jvm.dll
0x00007ffc3fd80000 - 0x00007ffc3fd88000 	C:\Windows\System32\PSAPI.DLL
0x00007ffc29d60000 - 0x00007ffc29d69000 	C:\Windows\SYSTEM32\WSOCK32.dll
0x00007ffc40320000 - 0x00007ffc4038f000 	C:\Windows\System32\WS2_32.dll
0x00007ffc3a240000 - 0x00007ffc3a264000 	C:\Windows\SYSTEM32\WINMM.dll
0x00007ffc30cd0000 - 0x00007ffc30cda000 	C:\Windows\SYSTEM32\VERSION.dll
0x00007ffc3a210000 - 0x00007ffc3a23d000 	C:\Windows\SYSTEM32\WINMMBASE.dll
0x00007ffc3dac0000 - 0x00007ffc3db0a000 	C:\Windows\System32\cfgmgr32.dll
0x000000006c6c0000 - 0x000000006c6cf000 	C:\Program Files\Java\jre1.8.0_77\bin\verify.dll
0x000000006c690000 - 0x000000006c6b9000 	C:\Program Files\Java\jre1.8.0_77\bin\java.dll
0x000000006c670000 - 0x000000006c686000 	C:\Program Files\Java\jre1.8.0_77\bin\zip.dll

VM Arguments:
jvm_args: -Dcom.sun.management.jmxremote -Dcom.sun.management.jmxremote.port=56799 -Dcom.sun.management.jmxremote.authenticate=false -Dcom.sun.management.jmxremote.ssl=false -Djava.rmi.server.hostname=localhost -Dspring.jmx.enabled=true -Dspring.application.admin.enabled=true -Xverify:none -XX:TieredStopAtLevel=1 -Dspring.boot.project.name=demo-spring-boot -Dfile.encoding=UTF-8 
java_command: com.nilesh.demo.DemoSpringBootApplication --spring.output.ansi.enabled=always
java_class_path (initial): E:\Docker\demo-spring-boot\target\classes;C:\Users\Nilesh\.m2\repository\org\springframework\boot\spring-boot-starter-data-jpa\2.4.1\spring-boot-starter-data-jpa-2.4.1.jar;C:\Users\Nilesh\.m2\repository\org\springframework\boot\spring-boot-starter-aop\2.4.1\spring-boot-starter-aop-2.4.1.jar;C:\Users\Nilesh\.m2\repository\org\springframework\spring-aop\5.3.2\spring-aop-5.3.2.jar;C:\Users\Nilesh\.m2\repository\org\aspectj\aspectjweaver\1.9.6\aspectjweaver-1.9.6.jar;C:\Users\Nilesh\.m2\repository\org\springframework\boot\spring-boot-starter-jdbc\2.4.1\spring-boot-starter-jdbc-2.4.1.jar;C:\Users\Nilesh\.m2\repository\com\zaxxer\HikariCP\3.4.5\HikariCP-3.4.5.jar;C:\Users\Nilesh\.m2\repository\org\springframework\spring-jdbc\5.3.2\spring-jdbc-5.3.2.jar;C:\Users\Nilesh\.m2\repository\jakarta\transaction\jakarta.transaction-api\1.3.3\jakarta.transaction-api-1.3.3.jar;C:\Users\Nilesh\.m2\repository\jakarta\persistence\jakarta.persistence-api\2.2.3\jakarta.persistence-api-2.2.3.jar;C:\Users\Nilesh\.m2\repository\org\hibernate\hibernate-core\5.4.25.Final\hibernate-core-5.4.25.Final.jar;C:\Users\Nilesh\.m2\repository\org\jboss\logging\jboss-logging\3.4.1.Final\jboss-logging-3.4.1.Final.jar;C:\Users\Nilesh\.m2\repository\org\javassist\javassist\3.27.0-GA\javassist-3.27.0-GA.jar;C:\Users\Nilesh\.m2\repository\net\bytebuddy\byte-buddy\1.10.18\byte-buddy-1.10.18.jar;C:\Users\Nilesh\.m2\repository\antlr\antlr\2.7.7\antlr-2.7.7.jar;C:\Users\Nilesh\.m2\repository\org\jboss\jandex\2.1.3.Final\jandex-2.1.3.Final.jar;C:\Users\Nilesh\.m2\repository\com\fasterxml\classmate\1.5.1\classmate-1.5.1.jar;C:\Users\Nilesh\.m2\repository\org\dom4j\dom4j\2.1.3\dom4j-2.1.3.jar;C:\Users\Nilesh\.m2\repository\org\hibernate\common\hibernate-commons-annotations\5.1.2.Final\hibernate-commons-annotations-5.1.2.Final.jar;C:\Users\Nilesh\.m2\repository\org\glassfish\jaxb\jaxb-runtime\2.3.3\jaxb-runtime-2.3.3.jar;C:\Users\Nilesh\.m2\repository\org\glassfish\jaxb\txw2\2.3.3\txw2-2.
Launcher Type: SUN_STANDARD

Environment Variables:
JAVA_HOME=C:\Program Files\Java\jdk1.8.0_77
PATH=C:/Program Files/Java/jre1.8.0_77/bin/server;C:/Program Files/Java/jre1.8.0_77/bin;C:/Program Files/Java/jre1.8.0_77/lib/amd64;C:\Python38\Scripts\;C:\Python38\;C:\ProgramData\Oracle\Java\javapath;C:\Windows\system32;C:\Windows;C:\Windows\System32\Wbem;C:\Windows\System32\WindowsPowerShell\v1.0\;C:\Windows\System32\OpenSSH\;C:\Program Files\Intel\WiFi\bin\;C:\Program Files\Common Files\Intel\WirelessCommon\;C:\xampp\php;C:\Program Files\nodejs\;C:\ProgramData\chocolatey\bin;C:\composer;C:\Program Files\MySQL\MySQL Shell 8.0\bin\;C:\Users\Nilesh\AppData\Local\Microsoft\WindowsApps;C:\Program Files\Intel\WiFi\bin\;C:\Program Files\Common Files\Intel\WirelessCommon\;C:\Users\Nilesh\AppData\Roaming\npm;C:\Users\Nilesh\AppData\Roaming\Composer\vendor\bin;C:\Users\Nilesh\AppData\Local\Programs\Microsoft VS Code\bin;C:\Opt\apache-maven-3.6.3\bin;;E:\Softwares\sts-4.5.1.RELEASE;
USERNAME=Nilesh
OS=Windows_NT
PROCESSOR_IDENTIFIER=Intel64 Family 6 Model 61 Stepping 4, GenuineIntel



---------------  S Y S T E M  ---------------

OS: Windows 10.0 , 64 bit Build 18362 (10.0.18362.1110)

CPU:total 4 (2 cores per cpu, 2 threads per core) family 6 model 61 stepping 4, cmov, cx8, fxsr, mmx, sse, sse2, sse3, ssse3, sse4.1, sse4.2, popcnt, avx, avx2, aes, clmul, erms, 3dnowpref, lzcnt, ht, tsc, tscinvbit, bmi1, bmi2, adx

Memory: 4k page, physical 4111920k(431192k free), swap 7199280k(5584k free)

vm_info: Java HotSpot(TM) 64-Bit Server VM (25.77-b03) for windows-amd64 JRE (1.8.0_77-b03), built on Mar 20 2016 22:01:33 by "java_re" with MS VC++ 10.0 (VS2010)

time: Tue Dec 22 14:25:20 2020
elapsed time: 0 seconds (0d 0h 0m 0s)

